[34m[1mappfl: ✅[0m[2025-07-10 22:28:05,115 server]: Logging to ./output/result_Server_2025-07-10-22-28-05.txt
[34m[1mappfl: ✅[0m[2025-07-10 22:28:23,378 Client1]: Logging to ./output/result_Client1_2025-07-10-22-28-23.txt
wandb: Currently logged in as: jindavid (jindavid-massachusetts-institute-of-technology) to https://api.wandb.ai. Use `wandb login --relogin` to force relogin
wandb: Tracking run with wandb version 0.20.1
wandb: Run data is saved locally in ./output/wandb/run-20250710_222823-p1ggw64m
wandb: Run `wandb offline` to turn off syncing.
wandb: Syncing run server_config_power_lambda_0.0_lr_0.001_train_batch_size_1024_clip_grad_False
wandb: ⭐️ View project at https://wandb.ai/jindavid-massachusetts-institute-of-technology/appfl
wandb: 🚀 View run at https://wandb.ai/jindavid-massachusetts-institute-of-technology/appfl/runs/p1ggw64m
[34m[1mappfl: ✅[0m[2025-07-10 22:30:24,947 Client2]: Logging to ./output/result_Client2_2025-07-10-22-30-24.txt
[34m[1mappfl: ✅[0m[2025-07-10 22:32:21,596 Client3]: Logging to ./output/result_Client3_2025-07-10-22-32-21.txt
[34m[1mappfl: ✅[0m[2025-07-10 22:34:18,625 Client4]: Logging to ./output/result_Client4_2025-07-10-22-34-18.txt
[34m[1mappfl: ✅[0m[2025-07-10 22:36:16,252 Client5]: Logging to ./output/result_Client5_2025-07-10-22-36-16.txt
[34m[1mappfl: ✅[0m[2025-07-10 22:38:12,846 Client6]: Logging to ./output/result_Client6_2025-07-10-22-38-12.txt
[34m[1mappfl: ✅[0m[2025-07-10 22:40:07,947 Client7]: Logging to ./output/result_Client7_2025-07-10-22-40-07.txt
[34m[1mappfl: ✅[0m[2025-07-10 22:42:04,689 Client8]: Logging to ./output/result_Client8_2025-07-10-22-42-04.txt
[34m[1mappfl: ✅[0m[2025-07-10 22:44:01,344 Client9]: Logging to ./output/result_Client9_2025-07-10-22-44-01.txt
[34m[1mappfl: ✅[0m[2025-07-10 22:45:58,488 Client10]: Logging to ./output/result_Client10_2025-07-10-22-45-58.txt
[34m[1mappfl: ✅[0m[2025-07-10 22:47:54,360 Client1]: WeightedGradientTrainer initialized with gradient weighting: True
[34m[1mappfl: ✅[0m[2025-07-10 22:47:54,361 Client1]: Using uniform weights: False
[34m[1mappfl: ✅[0m[2025-07-10 22:47:54,361 Client1]: Using interpolated weights: False
[34m[1mappfl: ✅[0m[2025-07-10 22:47:54,361 Client1]: Using power transformation: True
[34m[1mappfl: ✅[0m[2025-07-10 22:47:54,361 Client1]: Power transformation parameter: 0.0
[34m[1mappfl: ✅[0m[2025-07-10 22:47:54,396 Client2]: WeightedGradientTrainer initialized with gradient weighting: True
[34m[1mappfl: ✅[0m[2025-07-10 22:47:54,396 Client2]: Using uniform weights: False
[34m[1mappfl: ✅[0m[2025-07-10 22:47:54,396 Client2]: Using interpolated weights: False
[34m[1mappfl: ✅[0m[2025-07-10 22:47:54,396 Client2]: Using power transformation: True
[34m[1mappfl: ✅[0m[2025-07-10 22:47:54,397 Client2]: Power transformation parameter: 0.0
[34m[1mappfl: ✅[0m[2025-07-10 22:47:54,430 Client3]: WeightedGradientTrainer initialized with gradient weighting: True
[34m[1mappfl: ✅[0m[2025-07-10 22:47:54,430 Client3]: Using uniform weights: False
[34m[1mappfl: ✅[0m[2025-07-10 22:47:54,431 Client3]: Using interpolated weights: False
[34m[1mappfl: ✅[0m[2025-07-10 22:47:54,431 Client3]: Using power transformation: True
[34m[1mappfl: ✅[0m[2025-07-10 22:47:54,431 Client3]: Power transformation parameter: 0.0
[34m[1mappfl: ✅[0m[2025-07-10 22:47:54,464 Client4]: WeightedGradientTrainer initialized with gradient weighting: True
[34m[1mappfl: ✅[0m[2025-07-10 22:47:54,464 Client4]: Using uniform weights: False
[34m[1mappfl: ✅[0m[2025-07-10 22:47:54,465 Client4]: Using interpolated weights: False
[34m[1mappfl: ✅[0m[2025-07-10 22:47:54,465 Client4]: Using power transformation: True
[34m[1mappfl: ✅[0m[2025-07-10 22:47:54,465 Client4]: Power transformation parameter: 0.0
[34m[1mappfl: ✅[0m[2025-07-10 22:47:54,499 Client5]: WeightedGradientTrainer initialized with gradient weighting: True
[34m[1mappfl: ✅[0m[2025-07-10 22:47:54,499 Client5]: Using uniform weights: False
[34m[1mappfl: ✅[0m[2025-07-10 22:47:54,500 Client5]: Using interpolated weights: False
[34m[1mappfl: ✅[0m[2025-07-10 22:47:54,500 Client5]: Using power transformation: True
[34m[1mappfl: ✅[0m[2025-07-10 22:47:54,500 Client5]: Power transformation parameter: 0.0
[34m[1mappfl: ✅[0m[2025-07-10 22:47:54,535 Client6]: WeightedGradientTrainer initialized with gradient weighting: True
[34m[1mappfl: ✅[0m[2025-07-10 22:47:54,535 Client6]: Using uniform weights: False
[34m[1mappfl: ✅[0m[2025-07-10 22:47:54,535 Client6]: Using interpolated weights: False
[34m[1mappfl: ✅[0m[2025-07-10 22:47:54,535 Client6]: Using power transformation: True
[34m[1mappfl: ✅[0m[2025-07-10 22:47:54,535 Client6]: Power transformation parameter: 0.0
[34m[1mappfl: ✅[0m[2025-07-10 22:47:54,571 Client7]: WeightedGradientTrainer initialized with gradient weighting: True
[34m[1mappfl: ✅[0m[2025-07-10 22:47:54,571 Client7]: Using uniform weights: False
[34m[1mappfl: ✅[0m[2025-07-10 22:47:54,571 Client7]: Using interpolated weights: False
[34m[1mappfl: ✅[0m[2025-07-10 22:47:54,571 Client7]: Using power transformation: True
[34m[1mappfl: ✅[0m[2025-07-10 22:47:54,571 Client7]: Power transformation parameter: 0.0
[34m[1mappfl: ✅[0m[2025-07-10 22:47:54,606 Client8]: WeightedGradientTrainer initialized with gradient weighting: True
[34m[1mappfl: ✅[0m[2025-07-10 22:47:54,606 Client8]: Using uniform weights: False
[34m[1mappfl: ✅[0m[2025-07-10 22:47:54,606 Client8]: Using interpolated weights: False
[34m[1mappfl: ✅[0m[2025-07-10 22:47:54,607 Client8]: Using power transformation: True
[34m[1mappfl: ✅[0m[2025-07-10 22:47:54,607 Client8]: Power transformation parameter: 0.0
[34m[1mappfl: ✅[0m[2025-07-10 22:47:54,640 Client9]: WeightedGradientTrainer initialized with gradient weighting: True
[34m[1mappfl: ✅[0m[2025-07-10 22:47:54,640 Client9]: Using uniform weights: False
[34m[1mappfl: ✅[0m[2025-07-10 22:47:54,640 Client9]: Using interpolated weights: False
[34m[1mappfl: ✅[0m[2025-07-10 22:47:54,641 Client9]: Using power transformation: True
[34m[1mappfl: ✅[0m[2025-07-10 22:47:54,641 Client9]: Power transformation parameter: 0.0
[34m[1mappfl: ✅[0m[2025-07-10 22:47:54,674 Client10]: WeightedGradientTrainer initialized with gradient weighting: True
[34m[1mappfl: ✅[0m[2025-07-10 22:47:54,674 Client10]: Using uniform weights: False
[34m[1mappfl: ✅[0m[2025-07-10 22:47:54,675 Client10]: Using interpolated weights: False
[34m[1mappfl: ✅[0m[2025-07-10 22:47:54,675 Client10]: Using power transformation: True
[34m[1mappfl: ✅[0m[2025-07-10 22:47:54,675 Client10]: Power transformation parameter: 0.0
[34m[1mappfl: ✅[0m[2025-07-10 22:47:55,836 Client1]: Local label distribution: {0: 0.027820710973724884, 1: 0.0061823802163833074, 3: 0.5672333848531684, 4: 0.030911901081916538, 5: 0.17001545595054096, 8: 0.15301391035548687, 9: 0.04482225656877898}
[34m[1mappfl: ✅[0m[2025-07-10 22:47:55,836 Client1]: Computed label weights using standard IW with power transformation (λ=0.0): {0: 1.0, 1: 1.0, 3: 1.0, 4: 1.0, 5: 1.0, 8: 1.0, 9: 1.0, 2: 0.0, 6: 0.0, 7: 0.0}
[34m[1mappfl: ✅[0m[2025-07-10 22:47:55,898 Client2]: Local label distribution: {0: 0.12035615597175314, 1: 0.03592262818544673, 2: 0.1765428308259134, 3: 0.40282468529321463, 4: 0.05894995394534848, 5: 0.08197727970525023, 6: 0.024255449800429842, 7: 0.031010132023334358, 9: 0.06816088424930918}
[34m[1mappfl: ✅[0m[2025-07-10 22:47:55,899 Client2]: Computed label weights using standard IW with power transformation (λ=0.0): {0: 1.0, 1: 1.0, 3: 1.0, 4: 1.0, 5: 1.0, 8: 0.0, 9: 1.0, 2: 1.0, 6: 1.0, 7: 1.0}
[34m[1mappfl: ✅[0m[2025-07-10 22:47:56,026 Client3]: Local label distribution: {0: 0.17099056603773585, 1: 0.07606132075471699, 2: 0.057340801886792456, 3: 0.0589622641509434, 4: 0.0007370283018867925, 5: 0.0511497641509434, 6: 0.39652122641509435, 7: 0.12765330188679244, 8: 0.00589622641509434, 9: 0.0546875}
[34m[1mappfl: ✅[0m[2025-07-10 22:47:56,027 Client3]: Computed label weights using standard IW with power transformation (λ=0.0): {0: 1.0, 1: 1.0, 3: 1.0, 4: 1.0, 5: 1.0, 8: 1.0, 9: 1.0, 2: 1.0, 6: 1.0, 7: 1.0}
[34m[1mappfl: ✅[0m[2025-07-10 22:47:56,039 Client4]: Local label distribution: {0: 0.05032467532467533, 1: 0.18019480519480519, 2: 0.04707792207792208, 3: 0.1314935064935065, 4: 0.10714285714285714, 5: 0.05519480519480519, 6: 0.05032467532467533, 7: 0.060064935064935064, 8: 0.03896103896103896, 9: 0.2792207792207792}
[34m[1mappfl: ✅[0m[2025-07-10 22:47:56,039 Client4]: Computed label weights using standard IW with power transformation (λ=0.0): {0: 1.0, 1: 1.0, 3: 1.0, 4: 1.0, 5: 1.0, 8: 1.0, 9: 1.0, 2: 1.0, 6: 1.0, 7: 1.0}
[34m[1mappfl: ✅[0m[2025-07-10 22:47:56,253 Client5]: Local label distribution: {0: 0.009378560785344903, 1: 0.003330703830309405, 2: 0.04373740029801034, 3: 0.062319221667104914, 4: 0.3369269874660356, 5: 0.08992900341835393, 6: 0.12682969585415024, 7: 0.025418529231308617, 8: 0.13138750109562625, 9: 0.1707423963537558}
[34m[1mappfl: ✅[0m[2025-07-10 22:47:56,254 Client5]: Computed label weights using standard IW with power transformation (λ=0.0): {0: 1.0, 1: 1.0, 3: 1.0, 4: 1.0, 5: 1.0, 8: 1.0, 9: 1.0, 2: 1.0, 6: 1.0, 7: 1.0}
[34m[1mappfl: ✅[0m[2025-07-10 22:47:56,326 Client6]: Local label distribution: {0: 0.10269140318787562, 1: 0.017245884504834073, 2: 0.22132218447870394, 3: 0.2197543767964463, 4: 0.031617454925529136, 5: 0.04206950614058009, 6: 0.0007839038411288215, 7: 0.0023517115233864646, 8: 0.04990854455186831, 9: 0.3122550300496472}
[34m[1mappfl: ✅[0m[2025-07-10 22:47:56,326 Client6]: Computed label weights using standard IW with power transformation (λ=0.0): {0: 1.0, 1: 1.0, 3: 1.0, 4: 1.0, 5: 1.0, 8: 1.0, 9: 1.0, 2: 1.0, 6: 1.0, 7: 1.0}
[34m[1mappfl: ✅[0m[2025-07-10 22:47:56,374 Client7]: Local label distribution: {0: 0.055130784708249496, 1: 0.05432595573440644, 3: 0.014084507042253521, 4: 0.007645875251509054, 5: 0.18148893360160967, 6: 0.22575452716297786, 7: 0.04024144869215292, 8: 0.337625754527163, 9: 0.08370221327967807}
[34m[1mappfl: ✅[0m[2025-07-10 22:47:56,374 Client7]: Computed label weights using standard IW with power transformation (λ=0.0): {0: 1.0, 1: 1.0, 3: 1.0, 4: 1.0, 5: 1.0, 8: 1.0, 9: 1.0, 2: 0.0, 6: 1.0, 7: 1.0}
[34m[1mappfl: ✅[0m[2025-07-10 22:47:56,414 Client8]: Local label distribution: {0: 0.26141278231619414, 1: 0.3277270543008169, 2: 0.13455069678039405, 4: 0.016818837097549257, 5: 0.0019221528111484864, 6: 0.04613166746756367, 7: 0.1821239788563191, 8: 0.0038443056222969728, 9: 0.025468524747717443}
[34m[1mappfl: ✅[0m[2025-07-10 22:47:56,414 Client8]: Computed label weights using standard IW with power transformation (λ=0.0): {0: 1.0, 1: 1.0, 3: 0.0, 4: 1.0, 5: 1.0, 8: 1.0, 9: 1.0, 2: 1.0, 6: 1.0, 7: 1.0}
[34m[1mappfl: ✅[0m[2025-07-10 22:47:56,572 Client9]: Local label distribution: {0: 0.1640652925056595, 1: 0.17597998331943285, 2: 0.20100083402835697, 3: 0.01525080424162993, 4: 0.0029786727034433456, 5: 0.22566424401286786, 6: 0.005838198498748957, 7: 0.028237817228642915, 8: 0.1694269033718575, 9: 0.01155725008936018}
[34m[1mappfl: ✅[0m[2025-07-10 22:47:56,572 Client9]: Computed label weights using standard IW with power transformation (λ=0.0): {0: 1.0, 1: 1.0, 3: 1.0, 4: 1.0, 5: 1.0, 8: 1.0, 9: 1.0, 2: 1.0, 6: 1.0, 7: 1.0}
[34m[1mappfl: ✅[0m[2025-07-10 22:47:56,769 Client10]: Local label distribution: {0: 0.0800876107037425, 1: 0.17655461384630036, 2: 0.0660889439101038, 3: 0.10713265403294925, 4: 0.06408913436815541, 5: 0.06723169221978859, 6: 0.004190077135510904, 7: 0.28387772593086374, 8: 0.08361108465860394, 9: 0.06713646319398152}
[34m[1mappfl: ✅[0m[2025-07-10 22:47:56,769 Client10]: Computed label weights using standard IW with power transformation (λ=0.0): {0: 1.0, 1: 1.0, 3: 1.0, 4: 1.0, 5: 1.0, 8: 1.0, 9: 1.0, 2: 1.0, 6: 1.0, 7: 1.0}
[34m[1mappfl: ✅[0m[2025-07-10 22:47:56,971 Client1]:      Round      Epoch       Time Train Loss Train Accuracy
[34m[1mappfl: ✅[0m[2025-07-10 22:47:57,642 Client1]:          0          0     0.6695     2.2843         3.7094
[34m[1mappfl: ✅[0m[2025-07-10 22:47:57,895 Client1]:          0          1     0.2521     2.2828         4.6368
[34m[1mappfl: ✅[0m[2025-07-10 22:47:58,159 Client1]:          0          2     0.2623     2.2814         6.3369
[34m[1mappfl: ✅[0m[2025-07-10 22:47:58,413 Client1]:          0          3     0.2527     2.2799         9.1190
[34m[1mappfl: ✅[0m[2025-07-10 22:47:58,665 Client1]:          0          4     0.2511     2.2784        11.4374
[34m[1mappfl: ✅[0m[2025-07-10 22:47:58,673 Client2]:      Round      Epoch       Time Train Loss Train Accuracy
[34m[1mappfl: ✅[0m[2025-07-10 22:47:59,945 Client2]:          0          0     1.2709     2.2907         5.3730
[34m[1mappfl: ✅[0m[2025-07-10 22:48:01,207 Client2]:          0          1     1.2600     2.2882         9.0574
[34m[1mappfl: ✅[0m[2025-07-10 22:48:02,447 Client2]:          0          2     1.2392     2.2863        18.0534
[34m[1mappfl: ✅[0m[2025-07-10 22:48:03,694 Client2]:          0          3     1.2459     2.2819        27.6328
[34m[1mappfl: ✅[0m[2025-07-10 22:48:04,939 Client2]:          0          4     1.2434     2.2810        34.6638
[34m[1mappfl: ✅[0m[2025-07-10 22:48:04,948 Client3]:      Round      Epoch       Time Train Loss Train Accuracy
[34m[1mappfl: ✅[0m[2025-07-10 22:48:07,504 Client3]:          0          0     2.5546     2.2997         7.4735
[34m[1mappfl: ✅[0m[2025-07-10 22:48:10,061 Client3]:          0          1     2.5551     2.2953         7.6061
[34m[1mappfl: ✅[0m[2025-07-10 22:48:12,620 Client3]:          0          2     2.5579     2.2911         7.6651
[34m[1mappfl: ✅[0m[2025-07-10 22:48:15,170 Client3]:          0          3     2.5484     2.2867         7.6061
[34m[1mappfl: ✅[0m[2025-07-10 22:48:17,730 Client3]:          0          4     2.5593     2.2826         9.4782
[34m[1mappfl: ✅[0m[2025-07-10 22:48:17,741 Client4]:      Round      Epoch       Time Train Loss Train Accuracy
[34m[1mappfl: ✅[0m[2025-07-10 22:48:17,980 Client4]:          0          0     0.2381     2.2804        21.4286
[34m[1mappfl: ✅[0m[2025-07-10 22:48:18,224 Client4]:          0          1     0.2423     2.2802        22.4026
[34m[1mappfl: ✅[0m[2025-07-10 22:48:18,472 Client4]:          0          2     0.2468     2.2799        22.8896
[34m[1mappfl: ✅[0m[2025-07-10 22:48:18,715 Client4]:          0          3     0.2412     2.2797        23.2143
[34m[1mappfl: ✅[0m[2025-07-10 22:48:18,958 Client4]:          0          4     0.2416     2.2794        23.7013
[34m[1mappfl: ✅[0m[2025-07-10 22:48:18,966 Client5]:      Round      Epoch       Time Train Loss Train Accuracy
[34m[1mappfl: ✅[0m[2025-07-10 22:48:23,261 Client5]:          0          0     4.2932     2.3071         6.4160
[34m[1mappfl: ✅[0m[2025-07-10 22:48:27,562 Client5]:          0          1     4.3001     2.3019        12.5164
[34m[1mappfl: ✅[0m[2025-07-10 22:48:31,868 Client5]:          0          2     4.3040     2.2963        15.8647
[34m[1mappfl: ✅[0m[2025-07-10 22:48:36,182 Client5]:          0          3     4.3129     2.2908        16.8726
[34m[1mappfl: ✅[0m[2025-07-10 22:48:40,472 Client5]:          0          4     4.2891     2.2857        17.0216
[34m[1mappfl: ✅[0m[2025-07-10 22:48:40,481 Client6]:      Round      Epoch       Time Train Loss Train Accuracy
[34m[1mappfl: ✅[0m[2025-07-10 22:48:41,930 Client6]:          0          0     1.4469     2.2839        11.4450
[34m[1mappfl: ✅[0m[2025-07-10 22:48:43,373 Client6]:          0          1     1.4415     2.2819        19.1273
[34m[1mappfl: ✅[0m[2025-07-10 22:48:44,810 Client6]:          0          2     1.4363     2.2796        25.1894
[34m[1mappfl: ✅[0m[2025-07-10 22:48:46,258 Client6]:          0          3     1.4471     2.2774        28.8215
[34m[1mappfl: ✅[0m[2025-07-10 22:48:47,694 Client6]:          0          4     1.4352     2.2752        31.1471
[34m[1mappfl: ✅[0m[2025-07-10 22:48:47,701 Client7]:      Round      Epoch       Time Train Loss Train Accuracy
[34m[1mappfl: ✅[0m[2025-07-10 22:48:48,651 Client7]:          0          0     0.9485     2.3035         6.1167
[34m[1mappfl: ✅[0m[2025-07-10 22:48:49,600 Client7]:          0          1     0.9470     2.3023         6.1972
[34m[1mappfl: ✅[0m[2025-07-10 22:48:50,548 Client7]:          0          2     0.9470     2.3006         6.3581
[34m[1mappfl: ✅[0m[2025-07-10 22:48:51,496 Client7]:          0          3     0.9471     2.2990         6.3984
[34m[1mappfl: ✅[0m[2025-07-10 22:48:52,445 Client7]:          0          4     0.9479     2.2969         6.5191
[34m[1mappfl: ✅[0m[2025-07-10 22:48:52,452 Client8]:      Round      Epoch       Time Train Loss Train Accuracy
[34m[1mappfl: ✅[0m[2025-07-10 22:48:53,254 Client8]:          0          0     0.8000     2.2986        28.5440
[34m[1mappfl: ✅[0m[2025-07-10 22:48:54,054 Client8]:          0          1     0.7996     2.2891        30.9947
[34m[1mappfl: ✅[0m[2025-07-10 22:48:54,849 Client8]:          0          2     0.7945     2.2910        32.1000
[34m[1mappfl: ✅[0m[2025-07-10 22:48:55,642 Client8]:          0          3     0.7921     2.2853        32.5805
[34m[1mappfl: ✅[0m[2025-07-10 22:48:56,442 Client8]:          0          4     0.7987     2.2812        32.7727
[34m[1mappfl: ✅[0m[2025-07-10 22:48:56,448 Client9]:      Round      Epoch       Time Train Loss Train Accuracy
[34m[1mappfl: ✅[0m[2025-07-10 22:48:59,634 Client9]:          0          0     3.1839     2.3064        15.4772
[34m[1mappfl: ✅[0m[2025-07-10 22:49:02,797 Client9]:          0          1     3.1621     2.3029        17.0023
[34m[1mappfl: ✅[0m[2025-07-10 22:49:05,974 Client9]:          0          2     3.1755     2.2988        17.4312
[34m[1mappfl: ✅[0m[2025-07-10 22:49:09,148 Client9]:          0          3     3.1729     2.2957        17.5623
[34m[1mappfl: ✅[0m[2025-07-10 22:49:12,325 Client9]:          0          4     3.1761     2.2921        17.5980
[34m[1mappfl: ✅[0m[2025-07-10 22:49:12,334 Client10]:      Round      Epoch       Time Train Loss Train Accuracy
[34m[1mappfl: ✅[0m[2025-07-10 22:49:16,293 Client10]:          0          0     3.9572     2.3020        16.4937
[34m[1mappfl: ✅[0m[2025-07-10 22:49:20,451 Client10]:          0          1     4.1574     2.2990        17.1698
[34m[1mappfl: ✅[0m[2025-07-10 22:49:24,420 Client10]:          0          2     3.9677     2.2964        17.4079
[34m[1mappfl: ✅[0m[2025-07-10 22:49:28,385 Client10]:          0          3     3.9627     2.2927        17.5698
[34m[1mappfl: ✅[0m[2025-07-10 22:49:32,338 Client10]:          0          4     3.9526     2.2899        17.6459
[34m[1mappfl: ✅[0m[2025-07-10 22:49:40,919 Client1]:          1          0     0.2480     2.2838         4.3277
[34m[1mappfl: ✅[0m[2025-07-10 22:49:41,172 Client1]:          1          1     0.2519     2.2824         5.1005
[34m[1mappfl: ✅[0m[2025-07-10 22:49:41,425 Client1]:          1          2     0.2521     2.2809         7.1097
[34m[1mappfl: ✅[0m[2025-07-10 22:49:41,677 Client1]:          1          3     0.2511     2.2794         9.5827
[34m[1mappfl: ✅[0m[2025-07-10 22:49:41,930 Client1]:          1          4     0.2518     2.2779        12.3648
[34m[1mappfl: ✅[0m[2025-07-10 22:49:43,185 Client2]:          1          0     1.2471     2.2898         5.6187
[34m[1mappfl: ✅[0m[2025-07-10 22:49:44,430 Client2]:          1          1     1.2442     2.2886        10.6847
[34m[1mappfl: ✅[0m[2025-07-10 22:49:45,675 Client2]:          1          2     1.2432     2.2849        19.7421
[34m[1mappfl: ✅[0m[2025-07-10 22:49:46,919 Client2]:          1          3     1.2430     2.2827        29.0451
[34m[1mappfl: ✅[0m[2025-07-10 22:49:48,162 Client2]:          1          4     1.2415     2.2798        35.0322
[34m[1mappfl: ✅[0m[2025-07-10 22:49:50,719 Client3]:          1          0     2.5489     2.2993         7.5767
[34m[1mappfl: ✅[0m[2025-07-10 22:49:53,279 Client3]:          1          1     2.5582     2.2952         7.5767
[34m[1mappfl: ✅[0m[2025-07-10 22:49:55,830 Client3]:          1          2     2.5500     2.2909         7.6209
[34m[1mappfl: ✅[0m[2025-07-10 22:49:58,388 Client3]:          1          3     2.5565     2.2866         7.5767
[34m[1mappfl: ✅[0m[2025-07-10 22:50:00,939 Client3]:          1          4     2.5498     2.2822        10.0678
[34m[1mappfl: ✅[0m[2025-07-10 22:50:01,186 Client4]:          1          0     0.2392     2.2804        21.7532
[34m[1mappfl: ✅[0m[2025-07-10 22:50:01,428 Client4]:          1          1     0.2411     2.2801        22.7273
[34m[1mappfl: ✅[0m[2025-07-10 22:50:01,671 Client4]:          1          2     0.2414     2.2799        23.2143
[34m[1mappfl: ✅[0m[2025-07-10 22:50:01,914 Client4]:          1          3     0.2413     2.2796        23.5390
[34m[1mappfl: ✅[0m[2025-07-10 22:50:02,154 Client4]:          1          4     0.2397     2.2794        23.3766
[34m[1mappfl: ✅[0m[2025-07-10 22:50:06,458 Client5]:          1          0     4.2966     2.3071         6.4248
[34m[1mappfl: ✅[0m[2025-07-10 22:50:10,755 Client5]:          1          1     4.2960     2.3018        12.7443
[34m[1mappfl: ✅[0m[2025-07-10 22:50:15,054 Client5]:          1          2     4.2974     2.2960        16.0049
[34m[1mappfl: ✅[0m[2025-07-10 22:50:19,529 Client5]:          1          3     4.4740     2.2908        16.9252
[34m[1mappfl: ✅[0m[2025-07-10 22:50:23,823 Client5]:          1          4     4.2920     2.2855        17.0304
[34m[1mappfl: ✅[0m[2025-07-10 22:50:25,265 Client6]:          1          0     1.4332     2.2838        11.8108
[34m[1mappfl: ✅[0m[2025-07-10 22:50:26,702 Client6]:          1          1     1.4361     2.2818        19.8066
[34m[1mappfl: ✅[0m[2025-07-10 22:50:28,140 Client6]:          1          2     1.4368     2.2793        25.3724
[34m[1mappfl: ✅[0m[2025-07-10 22:50:29,575 Client6]:          1          3     1.4335     2.2772        29.3964
[34m[1mappfl: ✅[0m[2025-07-10 22:50:31,009 Client6]:          1          4     1.4337     2.2748        31.6958
[34m[1mappfl: ✅[0m[2025-07-10 22:50:31,957 Client7]:          1          0     0.9402     2.3039         6.1972
[34m[1mappfl: ✅[0m[2025-07-10 22:50:32,905 Client7]:          1          1     0.9469     2.3019         6.1972
[34m[1mappfl: ✅[0m[2025-07-10 22:50:33,855 Client7]:          1          2     0.9489     2.3004         6.2777
[34m[1mappfl: ✅[0m[2025-07-10 22:50:34,803 Client7]:          1          3     0.9464     2.2985         6.5594
[34m[1mappfl: ✅[0m[2025-07-10 22:50:35,747 Client7]:          1          4     0.9436     2.2969         6.4789
[34m[1mappfl: ✅[0m[2025-07-10 22:50:36,545 Client8]:          1          0     0.7902     2.2942        28.8803
[34m[1mappfl: ✅[0m[2025-07-10 22:50:37,344 Client8]:          1          1     0.7979     2.2919        31.1389
[34m[1mappfl: ✅[0m[2025-07-10 22:50:38,143 Client8]:          1          2     0.7985     2.2924        31.9558
[34m[1mappfl: ✅[0m[2025-07-10 22:50:38,943 Client8]:          1          3     0.7987     2.2891        32.4844
[34m[1mappfl: ✅[0m[2025-07-10 22:50:39,741 Client8]:          1          4     0.7980     2.2849        32.6766
[34m[1mappfl: ✅[0m[2025-07-10 22:50:42,905 Client9]:          1          0     3.1577     2.3063        15.6082
[34m[1mappfl: ✅[0m[2025-07-10 22:50:46,083 Client9]:          1          1     3.1775     2.3024        17.0976
[34m[1mappfl: ✅[0m[2025-07-10 22:50:49,253 Client9]:          1          2     3.1681     2.2987        17.4431
[34m[1mappfl: ✅[0m[2025-07-10 22:50:52,421 Client9]:          1          3     3.1668     2.2950        17.5503
[34m[1mappfl: ✅[0m[2025-07-10 22:50:55,594 Client9]:          1          4     3.1717     2.2915        17.5980
[34m[1mappfl: ✅[0m[2025-07-10 22:50:59,552 Client10]:          1          0     3.9505     2.3014        16.5318
[34m[1mappfl: ✅[0m[2025-07-10 22:51:03,510 Client10]:          1          1     3.9561     2.2987        17.1698
[34m[1mappfl: ✅[0m[2025-07-10 22:51:07,470 Client10]:          1          2     3.9591     2.2959        17.4079
[34m[1mappfl: ✅[0m[2025-07-10 22:51:11,609 Client10]:          1          3     4.1378     2.2928        17.5126
[34m[1mappfl: ✅[0m[2025-07-10 22:51:15,578 Client10]:          1          4     3.9673     2.2896        17.6364
[34m[1mappfl: ✅[0m[2025-07-10 22:51:24,011 Client1]:          2          0     0.2455     2.2834         4.4822
[34m[1mappfl: ✅[0m[2025-07-10 22:51:24,264 Client1]:          2          1     0.2519     2.2819         5.8733
[34m[1mappfl: ✅[0m[2025-07-10 22:51:24,517 Client1]:          2          2     0.2518     2.2804         8.5008
[34m[1mappfl: ✅[0m[2025-07-10 22:51:24,770 Client1]:          2          3     0.2517     2.2788        11.1283
[34m[1mappfl: ✅[0m[2025-07-10 22:51:25,023 Client1]:          2          4     0.2520     2.2773        14.6832
[34m[1mappfl: ✅[0m[2025-07-10 22:51:26,276 Client2]:          2          0     1.2455     2.2890         6.2327
[34m[1mappfl: ✅[0m[2025-07-10 22:51:27,521 Client2]:          2          1     1.2437     2.2876        11.8821
[34m[1mappfl: ✅[0m[2025-07-10 22:51:28,764 Client2]:          2          2     1.2417     2.2854        21.5843
[34m[1mappfl: ✅[0m[2025-07-10 22:51:30,008 Client2]:          2          3     1.2432     2.2823        29.8434
[34m[1mappfl: ✅[0m[2025-07-10 22:51:31,252 Client2]:          2          4     1.2424     2.2795        35.8612
[34m[1mappfl: ✅[0m[2025-07-10 22:51:33,820 Client3]:          2          0     2.5599     2.2994         7.6651
[34m[1mappfl: ✅[0m[2025-07-10 22:51:36,378 Client3]:          2          1     2.5562     2.2950         7.5324
[34m[1mappfl: ✅[0m[2025-07-10 22:51:38,950 Client3]:          2          2     2.5705     2.2905         7.6061
[34m[1mappfl: ✅[0m[2025-07-10 22:51:41,503 Client3]:          2          3     2.5527     2.2861         7.7683
[34m[1mappfl: ✅[0m[2025-07-10 22:51:44,066 Client3]:          2          4     2.5612     2.2817        10.8933
[34m[1mappfl: ✅[0m[2025-07-10 22:51:44,308 Client4]:          2          0     0.2360     2.2804        22.2403
[34m[1mappfl: ✅[0m[2025-07-10 22:51:44,549 Client4]:          2          1     0.2405     2.2801        23.0519
[34m[1mappfl: ✅[0m[2025-07-10 22:51:44,792 Client4]:          2          2     0.2421     2.2798        23.2143
[34m[1mappfl: ✅[0m[2025-07-10 22:51:45,034 Client4]:          2          3     0.2408     2.2796        23.2143
[34m[1mappfl: ✅[0m[2025-07-10 22:51:45,276 Client4]:          2          4     0.2409     2.2793        23.0519
[34m[1mappfl: ✅[0m[2025-07-10 22:51:49,582 Client5]:          2          0     4.2991     2.3070         6.8455
[34m[1mappfl: ✅[0m[2025-07-10 22:51:53,899 Client5]:          2          1     4.3163     2.3016        12.9109
[34m[1mappfl: ✅[0m[2025-07-10 22:51:58,235 Client5]:          2          2     4.3341     2.2963        16.1451
[34m[1mappfl: ✅[0m[2025-07-10 22:52:02,579 Client5]:          2          3     4.3429     2.2903        16.9165
[34m[1mappfl: ✅[0m[2025-07-10 22:52:06,908 Client5]:          2          4     4.3272     2.2848        17.0830
[34m[1mappfl: ✅[0m[2025-07-10 22:52:08,387 Client6]:          2          0     1.4672     2.2836        12.5425
[34m[1mappfl: ✅[0m[2025-07-10 22:52:09,833 Client6]:          2          1     1.4441     2.2815        20.1986
[34m[1mappfl: ✅[0m[2025-07-10 22:52:11,489 Client6]:          2          2     1.6556     2.2791        26.3392
[34m[1mappfl: ✅[0m[2025-07-10 22:52:12,930 Client6]:          2          3     1.4400     2.2768        30.4416
[34m[1mappfl: ✅[0m[2025-07-10 22:52:14,377 Client6]:          2          4     1.4452     2.2746        32.1662
[34m[1mappfl: ✅[0m[2025-07-10 22:52:15,328 Client7]:          2          0     0.9424     2.3037         6.2374
[34m[1mappfl: ✅[0m[2025-07-10 22:52:16,270 Client7]:          2          1     0.9400     2.3019         6.3179
[34m[1mappfl: ✅[0m[2025-07-10 22:52:17,220 Client7]:          2          2     0.9489     2.2998         6.4386
[34m[1mappfl: ✅[0m[2025-07-10 22:52:18,170 Client7]:          2          3     0.9488     2.2978         6.5191
[34m[1mappfl: ✅[0m[2025-07-10 22:52:19,120 Client7]:          2          4     0.9490     2.2963         6.5996
[34m[1mappfl: ✅[0m[2025-07-10 22:52:19,922 Client8]:          2          0     0.7925     2.2948        28.4479
[34m[1mappfl: ✅[0m[2025-07-10 22:52:20,716 Client8]:          2          1     0.7933     2.2900        30.8506
[34m[1mappfl: ✅[0m[2025-07-10 22:52:21,514 Client8]:          2          2     0.7964     2.2902        32.0519
[34m[1mappfl: ✅[0m[2025-07-10 22:52:22,313 Client8]:          2          3     0.7983     2.2857        32.4844
[34m[1mappfl: ✅[0m[2025-07-10 22:52:23,111 Client8]:          2          4     0.7973     2.2877        32.7247
[34m[1mappfl: ✅[0m[2025-07-10 22:52:26,334 Client9]:          2          0     3.2135     2.3055        15.3819
[34m[1mappfl: ✅[0m[2025-07-10 22:52:29,537 Client9]:          2          1     3.2013     2.3023        17.0499
[34m[1mappfl: ✅[0m[2025-07-10 22:52:32,719 Client9]:          2          2     3.1806     2.2984        17.4550
[34m[1mappfl: ✅[0m[2025-07-10 22:52:35,903 Client9]:          2          3     3.1825     2.2944        17.5742
[34m[1mappfl: ✅[0m[2025-07-10 22:52:39,086 Client9]:          2          4     3.1819     2.2911        17.5980
[34m[1mappfl: ✅[0m[2025-07-10 22:52:43,123 Client10]:          2          0     4.0239     2.3014        16.3889
[34m[1mappfl: ✅[0m[2025-07-10 22:52:47,095 Client10]:          2          1     3.9701     2.2983        17.0555
[34m[1mappfl: ✅[0m[2025-07-10 22:52:51,069 Client10]:          2          2     3.9722     2.2949        17.3983
[34m[1mappfl: ✅[0m[2025-07-10 22:52:55,042 Client10]:          2          3     3.9715     2.2919        17.5317
[34m[1mappfl: ✅[0m[2025-07-10 22:52:59,008 Client10]:          2          4     3.9653     2.2892        17.6174
[34m[1mappfl: ✅[0m[2025-07-10 22:53:07,762 Client1]:          3          0     0.2493     2.2829         5.1005
[34m[1mappfl: ✅[0m[2025-07-10 22:53:08,225 Client1]:          3          1     0.4616     2.2814         6.6461
[34m[1mappfl: ✅[0m[2025-07-10 22:53:08,480 Client1]:          3          2     0.2542     2.2798         9.1190
[34m[1mappfl: ✅[0m[2025-07-10 22:53:08,734 Client1]:          3          3     0.2524     2.2783        12.2102
[34m[1mappfl: ✅[0m[2025-07-10 22:53:08,986 Client1]:          3          4     0.2511     2.2767        16.8470
[34m[1mappfl: ✅[0m[2025-07-10 22:53:10,228 Client2]:          3          0     1.2352     2.2911         6.8775
[34m[1mappfl: ✅[0m[2025-07-10 22:53:11,471 Client2]:          3          1     1.2413     2.2872        13.1716
[34m[1mappfl: ✅[0m[2025-07-10 22:53:12,714 Client2]:          3          2     1.2420     2.2834        22.6282
[34m[1mappfl: ✅[0m[2025-07-10 22:53:13,958 Client2]:          3          3     1.2420     2.2823        31.2865
[34m[1mappfl: ✅[0m[2025-07-10 22:53:15,202 Client2]:          3          4     1.2430     2.2799        36.0761
[34m[1mappfl: ✅[0m[2025-07-10 22:53:17,827 Client3]:          3          0     2.6125     2.2992         7.5914
[34m[1mappfl: ✅[0m[2025-07-10 22:53:20,387 Client3]:          3          1     2.5590     2.2947         7.6209
[34m[1mappfl: ✅[0m[2025-07-10 22:53:22,945 Client3]:          3          2     2.5561     2.2902         7.6798
[34m[1mappfl: ✅[0m[2025-07-10 22:53:25,500 Client3]:          3          3     2.5541     2.2859         7.8862
[34m[1mappfl: ✅[0m[2025-07-10 22:53:28,079 Client3]:          3          4     2.5770     2.2811        11.5566
[34m[1mappfl: ✅[0m[2025-07-10 22:53:28,324 Client4]:          3          0     0.2381     2.2803        22.0779
[34m[1mappfl: ✅[0m[2025-07-10 22:53:28,566 Client4]:          3          1     0.2410     2.2801        23.0519
[34m[1mappfl: ✅[0m[2025-07-10 22:53:28,807 Client4]:          3          2     0.2405     2.2798        23.2143
[34m[1mappfl: ✅[0m[2025-07-10 22:53:29,051 Client4]:          3          3     0.2422     2.2795        23.5390
[34m[1mappfl: ✅[0m[2025-07-10 22:53:29,294 Client4]:          3          4     0.2415     2.2793        22.5649
[34m[1mappfl: ✅[0m[2025-07-10 22:53:33,650 Client5]:          3          0     4.3475     2.3074         7.0558
[34m[1mappfl: ✅[0m[2025-07-10 22:53:37,967 Client5]:          3          1     4.3156     2.3018        13.1826
[34m[1mappfl: ✅[0m[2025-07-10 22:53:42,283 Client5]:          3          2     4.3146     2.2954        16.1627
[34m[1mappfl: ✅[0m[2025-07-10 22:53:46,598 Client5]:          3          3     4.3141     2.2899        16.9778
[34m[1mappfl: ✅[0m[2025-07-10 22:53:50,914 Client5]:          3          4     4.3151     2.2843        17.0479
[34m[1mappfl: ✅[0m[2025-07-10 22:53:52,368 Client6]:          3          0     1.4408     2.2834        13.1696
[34m[1mappfl: ✅[0m[2025-07-10 22:53:53,837 Client6]:          3          1     1.4678     2.2814        20.9564
[34m[1mappfl: ✅[0m[2025-07-10 22:53:55,302 Client6]:          3          2     1.4651     2.2789        26.5743
[34m[1mappfl: ✅[0m[2025-07-10 22:53:56,747 Client6]:          3          3     1.4431     2.2767        30.7813
[34m[1mappfl: ✅[0m[2025-07-10 22:53:58,193 Client6]:          3          4     1.4447     2.2743        32.5843
[34m[1mappfl: ✅[0m[2025-07-10 22:53:59,154 Client7]:          3          0     0.9508     2.3032         6.3581
[34m[1mappfl: ✅[0m[2025-07-10 22:54:00,114 Client7]:          3          1     0.9580     2.3014         6.3179
[34m[1mappfl: ✅[0m[2025-07-10 22:54:01,064 Client7]:          3          2     0.9489     2.2993         6.4386
[34m[1mappfl: ✅[0m[2025-07-10 22:54:02,016 Client7]:          3          3     0.9504     2.2979         6.5191
[34m[1mappfl: ✅[0m[2025-07-10 22:54:02,973 Client7]:          3          4     0.9559     2.2962         6.5594
[34m[1mappfl: ✅[0m[2025-07-10 22:54:03,777 Client8]:          3          0     0.7941     2.2953        28.3518
[34m[1mappfl: ✅[0m[2025-07-10 22:54:04,574 Client8]:          3          1     0.7958     2.2960        30.4181
[34m[1mappfl: ✅[0m[2025-07-10 22:54:05,374 Client8]:          3          2     0.7987     2.2905        31.9077
[34m[1mappfl: ✅[0m[2025-07-10 22:54:06,173 Client8]:          3          3     0.7989     2.2854        32.3402
[34m[1mappfl: ✅[0m[2025-07-10 22:54:07,184 Client8]:          3          4     1.0102     2.2824        32.6285
[34m[1mappfl: ✅[0m[2025-07-10 22:54:10,369 Client9]:          3          0     3.1756     2.3056        15.2508
[34m[1mappfl: ✅[0m[2025-07-10 22:54:13,557 Client9]:          3          1     3.1865     2.3014        17.0976
[34m[1mappfl: ✅[0m[2025-07-10 22:54:16,742 Client9]:          3          2     3.1838     2.2978        17.4669
[34m[1mappfl: ✅[0m[2025-07-10 22:54:19,928 Client9]:          3          3     3.1839     2.2941        17.5503
[34m[1mappfl: ✅[0m[2025-07-10 22:54:23,102 Client9]:          3          4     3.1726     2.2903        17.5980
[34m[1mappfl: ✅[0m[2025-07-10 22:54:27,121 Client10]:          3          0     4.0064     2.3012        16.3318
[34m[1mappfl: ✅[0m[2025-07-10 22:54:31,083 Client10]:          3          1     3.9608     2.2977        17.1222
[34m[1mappfl: ✅[0m[2025-07-10 22:54:35,042 Client10]:          3          2     3.9579     2.2949        17.3888
[34m[1mappfl: ✅[0m[2025-07-10 22:54:39,002 Client10]:          3          3     3.9588     2.2914        17.5221
[34m[1mappfl: ✅[0m[2025-07-10 22:54:42,968 Client10]:          3          4     3.9646     2.2885        17.6174
[34m[1mappfl: ✅[0m[2025-07-10 22:54:51,399 Client1]:          4          0     0.2501     2.2824         5.4096
[34m[1mappfl: ✅[0m[2025-07-10 22:54:51,649 Client1]:          4          1     0.2494     2.2809         8.3462
[34m[1mappfl: ✅[0m[2025-07-10 22:54:51,901 Client1]:          4          2     0.2504     2.2793        10.6646
[34m[1mappfl: ✅[0m[2025-07-10 22:54:52,153 Client1]:          4          3     0.2510     2.2777        13.4467
[34m[1mappfl: ✅[0m[2025-07-10 22:54:52,406 Client1]:          4          4     0.2520     2.2761        19.7836
[34m[1mappfl: ✅[0m[2025-07-10 22:54:53,649 Client2]:          4          0     1.2339     2.2900         7.6451
[34m[1mappfl: ✅[0m[2025-07-10 22:54:54,892 Client2]:          4          1     1.2420     2.2874        15.0752
[34m[1mappfl: ✅[0m[2025-07-10 22:54:56,136 Client2]:          4          2     1.2425     2.2833        24.0405
[34m[1mappfl: ✅[0m[2025-07-10 22:54:57,379 Client2]:          4          3     1.2419     2.2807        32.5146
[34m[1mappfl: ✅[0m[2025-07-10 22:54:58,622 Client2]:          4          4     1.2420     2.2777        36.5674
[34m[1mappfl: ✅[0m[2025-07-10 22:55:01,188 Client3]:          4          0     2.5572     2.2991         7.6209
[34m[1mappfl: ✅[0m[2025-07-10 22:55:03,930 Client3]:          4          1     2.7405     2.2946         7.6651
[34m[1mappfl: ✅[0m[2025-07-10 22:55:06,486 Client3]:          4          2     2.5557     2.2899         7.5914
[34m[1mappfl: ✅[0m[2025-07-10 22:55:09,037 Client3]:          4          3     2.5491     2.2854         8.1515
[34m[1mappfl: ✅[0m[2025-07-10 22:55:11,593 Client3]:          4          4     2.5546     2.2809        12.7948
[34m[1mappfl: ✅[0m[2025-07-10 22:55:11,839 Client4]:          4          0     0.2375     2.2803        22.7273
[34m[1mappfl: ✅[0m[2025-07-10 22:55:12,081 Client4]:          4          1     0.2406     2.2800        23.0519
[34m[1mappfl: ✅[0m[2025-07-10 22:55:12,323 Client4]:          4          2     0.2412     2.2797        23.2143
[34m[1mappfl: ✅[0m[2025-07-10 22:55:12,567 Client4]:          4          3     0.2423     2.2795        22.7273
[34m[1mappfl: ✅[0m[2025-07-10 22:55:12,809 Client4]:          4          4     0.2410     2.2792        22.2403
[34m[1mappfl: ✅[0m[2025-07-10 22:55:17,114 Client5]:          4          0     4.2994     2.3074         7.1873
[34m[1mappfl: ✅[0m[2025-07-10 22:55:21,432 Client5]:          4          1     4.3161     2.3012        13.2264
[34m[1mappfl: ✅[0m[2025-07-10 22:55:25,730 Client5]:          4          2     4.2966     2.2954        16.3292
[34m[1mappfl: ✅[0m[2025-07-10 22:55:30,032 Client5]:          4          3     4.3016     2.2897        17.0479
[34m[1mappfl: ✅[0m[2025-07-10 22:55:34,339 Client5]:          4          4     4.3053     2.2841        17.0742
[34m[1mappfl: ✅[0m[2025-07-10 22:55:35,784 Client6]:          4          0     1.4373     2.2833        13.9535
[34m[1mappfl: ✅[0m[2025-07-10 22:55:37,230 Client6]:          4          1     1.4444     2.2809        21.4528
[34m[1mappfl: ✅[0m[2025-07-10 22:55:38,675 Client6]:          4          2     1.4444     2.2784        27.8025
[34m[1mappfl: ✅[0m[2025-07-10 22:55:40,121 Client6]:          4          3     1.4443     2.2764        31.4607
[34m[1mappfl: ✅[0m[2025-07-10 22:55:41,566 Client6]:          4          4     1.4435     2.2739        32.9762
[34m[1mappfl: ✅[0m[2025-07-10 22:55:42,517 Client7]:          4          0     0.9447     2.3036         6.3581
[34m[1mappfl: ✅[0m[2025-07-10 22:55:43,467 Client7]:          4          1     0.9487     2.3011         6.3581
[34m[1mappfl: ✅[0m[2025-07-10 22:55:44,418 Client7]:          4          2     0.9493     2.2994         6.4789
[34m[1mappfl: ✅[0m[2025-07-10 22:55:45,368 Client7]:          4          3     0.9492     2.2980         6.4386
[34m[1mappfl: ✅[0m[2025-07-10 22:55:46,317 Client7]:          4          4     0.9475     2.2955         6.4386
[34m[1mappfl: ✅[0m[2025-07-10 22:55:47,117 Client8]:          4          0     0.7930     2.2943        27.7271
[34m[1mappfl: ✅[0m[2025-07-10 22:55:47,915 Client8]:          4          1     0.7969     2.2976        30.4181
[34m[1mappfl: ✅[0m[2025-07-10 22:55:48,714 Client8]:          4          2     0.7985     2.2880        31.5714
[34m[1mappfl: ✅[0m[2025-07-10 22:55:49,513 Client8]:          4          3     0.7979     2.2864        32.3402
[34m[1mappfl: ✅[0m[2025-07-10 22:55:50,312 Client8]:          4          4     0.7977     2.2830        32.6285
[34m[1mappfl: ✅[0m[2025-07-10 22:55:53,482 Client9]:          4          0     3.1645     2.3055        15.0721
[34m[1mappfl: ✅[0m[2025-07-10 22:55:56,654 Client9]:          4          1     3.1705     2.3013        16.8950
[34m[1mappfl: ✅[0m[2025-07-10 22:55:59,824 Client9]:          4          2     3.1686     2.2972        17.4312
[34m[1mappfl: ✅[0m[2025-07-10 22:56:03,183 Client9]:          4          3     3.3570     2.2937        17.5623
[34m[1mappfl: ✅[0m[2025-07-10 22:56:06,349 Client9]:          4          4     3.1654     2.2897        17.5980
[34m[1mappfl: ✅[0m[2025-07-10 22:56:10,313 Client10]:          4          0     3.9550     2.3009        16.3318
[34m[1mappfl: ✅[0m[2025-07-10 22:56:14,273 Client10]:          4          1     3.9586     2.2977        17.1222
[34m[1mappfl: ✅[0m[2025-07-10 22:56:18,238 Client10]:          4          2     3.9643     2.2945        17.4555
[34m[1mappfl: ✅[0m[2025-07-10 22:56:22,199 Client10]:          4          3     3.9591     2.2911        17.5221
[34m[1mappfl: ✅[0m[2025-07-10 22:56:26,151 Client10]:          4          4     3.9508     2.2878        17.6174
[34m[1mappfl: ✅[0m[2025-07-10 22:56:34,565 Client1]:          5          0     0.2465     2.2819         6.0278
[34m[1mappfl: ✅[0m[2025-07-10 22:56:34,818 Client1]:          5          1     0.2522     2.2803         8.8099
[34m[1mappfl: ✅[0m[2025-07-10 22:56:35,070 Client1]:          5          2     0.2509     2.2787        11.5920
[34m[1mappfl: ✅[0m[2025-07-10 22:56:35,323 Client1]:          5          3     0.2517     2.2771        16.2287
[34m[1mappfl: ✅[0m[2025-07-10 22:56:35,576 Client1]:          5          4     0.2519     2.2754        23.1839
[34m[1mappfl: ✅[0m[2025-07-10 22:56:36,820 Client2]:          5          0     1.2359     2.2896         8.7811
[34m[1mappfl: ✅[0m[2025-07-10 22:56:38,063 Client2]:          5          1     1.2423     2.2878        16.6104
[34m[1mappfl: ✅[0m[2025-07-10 22:56:39,307 Client2]:          5          2     1.2424     2.2831        26.4047
[34m[1mappfl: ✅[0m[2025-07-10 22:56:40,550 Client2]:          5          3     1.2415     2.2805        33.3743
[34m[1mappfl: ✅[0m[2025-07-10 22:56:41,793 Client2]:          5          4     1.2416     2.2782        37.2736
[34m[1mappfl: ✅[0m[2025-07-10 22:56:44,361 Client3]:          5          0     2.5602     2.2991         7.7093
[34m[1mappfl: ✅[0m[2025-07-10 22:56:46,918 Client3]:          5          1     2.5558     2.2944         7.6504
[34m[1mappfl: ✅[0m[2025-07-10 22:56:49,476 Client3]:          5          2     2.5566     2.2896         7.6651
[34m[1mappfl: ✅[0m[2025-07-10 22:56:52,034 Client3]:          5          3     2.5567     2.2849         8.2695
[34m[1mappfl: ✅[0m[2025-07-10 22:56:54,773 Client3]:          5          4     2.7380     2.2803        13.9446
[34m[1mappfl: ✅[0m[2025-07-10 22:56:55,021 Client4]:          5          0     0.2393     2.2802        22.8896
[34m[1mappfl: ✅[0m[2025-07-10 22:56:55,263 Client4]:          5          1     0.2411     2.2800        23.3766
[34m[1mappfl: ✅[0m[2025-07-10 22:56:55,505 Client4]:          5          2     0.2414     2.2797        23.2143
[34m[1mappfl: ✅[0m[2025-07-10 22:56:55,748 Client4]:          5          3     0.2416     2.2794        22.5649
[34m[1mappfl: ✅[0m[2025-07-10 22:56:55,990 Client4]:          5          4     0.2406     2.2791        22.5649
[34m[1mappfl: ✅[0m[2025-07-10 22:57:00,283 Client5]:          5          0     4.2871     2.3073         7.6519
[34m[1mappfl: ✅[0m[2025-07-10 22:57:04,590 Client5]:          5          1     4.3052     2.3012        13.5945
[34m[1mappfl: ✅[0m[2025-07-10 22:57:08,888 Client5]:          5          2     4.2969     2.2953        16.4256
[34m[1mappfl: ✅[0m[2025-07-10 22:57:13,194 Client5]:          5          3     4.3047     2.2897        17.0479
[34m[1mappfl: ✅[0m[2025-07-10 22:57:17,510 Client5]:          5          4     4.3145     2.2835        17.1005
[34m[1mappfl: ✅[0m[2025-07-10 22:57:18,962 Client6]:          5          0     1.4428     2.2832        14.7113
[34m[1mappfl: ✅[0m[2025-07-10 22:57:20,406 Client6]:          5          1     1.4430     2.2808        22.1845
